#
# There is insufficient memory for the Java Runtime Environment to continue.
# Native memory allocation (mmap) failed to map 264241152 bytes. Error detail: G1 virtual space
# Possible reasons:
#   The system is out of physical RAM or swap space
#   This process is running with CompressedOops enabled, and the Java Heap may be blocking the growth of the native heap
# Possible solutions:
#   Reduce memory load on the system
#   Increase physical memory or swap space
#   Check if swap backing store is full
#   Decrease Java heap size (-Xmx/-Xms)
#   Decrease number of Java threads
#   Decrease Java thread stack sizes (-Xss)
#   Set larger code cache with -XX:ReservedCodeCacheSize=
#   JVM is running with Zero Based Compressed Oops mode in which the Java heap is
#     placed in the first 32GB address space. The Java Heap base address is the
#     maximum limit for the native heap growth. Please use -XX:HeapBaseMinAddress
#     to set the Java Heap base and to place the Java Heap above 32GB virtual address.
# This output file may be truncated or incomplete.
#
#  Out of Memory Error (os_windows.cpp:3631), pid=6404, tid=21056
#
# JRE version:  (22.0.1+8) (build )
# Java VM: Java HotSpot(TM) 64-Bit Server VM (22.0.1+8-16, mixed mode, sharing, tiered, compressed oops, compressed class ptrs, g1 gc, windows-amd64)
# No core dump will be written. Minidumps are not enabled by default on client versions of Windows
#

---------------  S U M M A R Y ------------

Command Line: -ea -Dfile.encoding=UTF-8 -Dstdout.encoding=UTF-8 -Dstderr.encoding=UTF-8 -XX:+ShowCodeDetailsInExceptionMessages org.eclipse.jdt.internal.junit.runner.RemoteTestRunner -version 3 -port 63446 -testLoaderClass org.eclipse.jdt.internal.junit4.runner.JUnit4TestLoader -loaderpluginname org.eclipse.jdt.junit4.runtime -classNames Main.FitPeoTest

Host: 11th Gen Intel(R) Core(TM) i5-11320H @ 3.20GHz, 8 cores, 15G,  Windows 11 , 64 bit Build 22621 (10.0.22621.3958)
Time: Sat Aug  3 23:11:04 2024 India Standard Time elapsed time: 0.022286 seconds (0d 0h 0m 0s)

---------------  T H R E A D  ---------------

Current thread (0x000001a562018ea0):  JavaThread "Unknown thread" [_thread_in_vm, id=21056, stack(0x0000003b5e300000,0x0000003b5e400000) (1024K)]

Stack: [0x0000003b5e300000,0x0000003b5e400000]
Native frames: (J=compiled Java code, j=interpreted, Vv=VM code, C=native code)
V  [jvm.dll+0x6e2279]  (no source info available)
V  [jvm.dll+0x874e33]  (no source info available)
V  [jvm.dll+0x87725e]  (no source info available)
V  [jvm.dll+0x877933]  (no source info available)
V  [jvm.dll+0x27fd76]  (no source info available)
V  [jvm.dll+0x6de915]  (no source info available)
V  [jvm.dll+0x6d341a]  (no source info available)
V  [jvm.dll+0x3589da]  (no source info available)
V  [jvm.dll+0x360f06]  (no source info available)
V  [jvm.dll+0x3b3e2e]  (no source info available)
V  [jvm.dll+0x3b40d8]  (no source info available)
V  [jvm.dll+0x32c59c]  (no source info available)
V  [jvm.dll+0x32d158]  (no source info available)
V  [jvm.dll+0x83ccdc]  (no source info available)
V  [jvm.dll+0x3c0d71]  (no source info available)
V  [jvm.dll+0x825ccc]  (no source info available)
V  [jvm.dll+0x45b8fe]  (no source info available)
V  [jvm.dll+0x45d781]  (no source info available)
C  [jli.dll+0x52a3]  (no source info available)
C  [ucrtbase.dll+0x29333]  (no source info available)
C  [KERNEL32.DLL+0x1257d]  (no source info available)
C  [ntdll.dll+0x5af28]  (no source info available)


---------------  P R O C E S S  ---------------

Threads class SMR info:
_java_thread_list=0x00007fff7990b1c8, length=0, elements={
}

Java Threads: ( => current thread )
Total: 0

Other Threads:
  0x000001a56207bfb0 WorkerThread "GC Thread#0"                     [id=14772, stack(0x0000003b5e400000,0x0000003b5e500000) (1024K)]
  0x000001a56208cdd0 ConcurrentGCThread "G1 Main Marker"            [id=30436, stack(0x0000003b5e500000,0x0000003b5e600000) (1024K)]
  0x000001a56208e4f0 WorkerThread "G1 Conc#0"                       [id=34492, stack(0x0000003b5e600000,0x0000003b5e700000) (1024K)]

[error occurred during error reporting (printing all threads), id 0xc0000005, EXCEPTION_ACCESS_VIOLATION (0xc0000005) at pc=0x00007fff7905f367]
VM state: not at safepoint (not fully initialized)

VM Mutex/Monitor currently owned by a thread:  ([mutex/lock_event])
[0x00007fff7998bcb8] Heap_lock - owner thread: 0x000001a562018ea0

Heap address: 0x0000000704000000, size: 4032 MB, Compressed Oops mode: Zero based, Oop shift amount: 3

CDS archive(s) mapped at: [0x0000000000000000-0x0000000000000000-0x0000000000000000), size 0, SharedBaseAddress: 0x0000000800000000, ArchiveRelocationMode: 1.
Narrow klass base: 0x0000000000000000, Narrow klass shift: 0, Narrow klass range: 0x0

GC Precious Log:
 CardTable entry size: 512
 Card Set container configuration: InlinePtr #cards 4 size 8 Array Of Cards #cards 16 size 48 Howl #buckets 8 coarsen threshold 3686 Howl Bitmap #cards 512 size 80 coarsen threshold 460 Card regions per heap region 1 cards per card region 4096

Heap:
 garbage-first heap   total reserved 4128768K, committed 0K, used 0K [0x0000000704000000, 0x0000000800000000)
  region size 2048K, 0 young (0K), 0 survivors (0K)

[error occurred during error reporting (printing heap information), id 0xc0000005, EXCEPTION_ACCESS_VIOLATION (0xc0000005) at pc=0x00007fff7945e429]
GC Heap History (0 events):
No events

Dll operation events (1 events):
Event: 0.014 Loaded shared library C:\Program Files\Java\jdk-22\bin\java.dll

Deoptimization events (0 events):
No events

Classes loaded (0 events):
No events

Classes unloaded (0 events):
No events

Classes redefined (0 events):
No events

Internal exceptions (0 events):
No events

ZGC Phase Switch (0 events):
No events

VM Operations (0 events):
No events

Events (0 events):
No events


Dynamic libraries:
0x00007ff639ab0000 - 0x00007ff639ac0000 	C:\Program Files\Java\jdk-22\bin\javaw.exe
0x00007ff81f270000 - 0x00007ff81f487000 	C:\WINDOWS\SYSTEM32\ntdll.dll
0x00007ff81e380000 - 0x00007ff81e444000 	C:\WINDOWS\System32\KERNEL32.DLL
0x00007ff81c590000 - 0x00007ff81c93d000 	C:\WINDOWS\System32\KERNELBASE.dll
0x00007ff81ce80000 - 0x00007ff81cf91000 	C:\WINDOWS\System32\ucrtbase.dll
0x00007ff814d70000 - 0x00007ff814d8b000 	C:\Program Files\Java\jdk-22\bin\VCRUNTIME140.dll
0x00007fff8bd60000 - 0x00007fff8bd77000 	C:\Program Files\Java\jdk-22\bin\jli.dll
0x00007ff81f050000 - 0x00007ff81f102000 	C:\WINDOWS\System32\ADVAPI32.dll
0x00007ff81d6b0000 - 0x00007ff81d757000 	C:\WINDOWS\System32\msvcrt.dll
0x00007ff81d840000 - 0x00007ff81d8e9000 	C:\WINDOWS\System32\sechost.dll
0x00007ff81cce0000 - 0x00007ff81cd08000 	C:\WINDOWS\System32\bcrypt.dll
0x00007ff81e9e0000 - 0x00007ff81eaf4000 	C:\WINDOWS\System32\RPCRT4.dll
0x00007ff81d3f0000 - 0x00007ff81d59e000 	C:\WINDOWS\System32\USER32.dll
0x00007ff81ca60000 - 0x00007ff81ca86000 	C:\WINDOWS\System32\win32u.dll
0x00007ff81eb00000 - 0x00007ff81eb29000 	C:\WINDOWS\System32\GDI32.dll
0x00007ff81c940000 - 0x00007ff81ca59000 	C:\WINDOWS\System32\gdi32full.dll
0x00007ff80baf0000 - 0x00007ff80bd83000 	C:\WINDOWS\WinSxS\amd64_microsoft.windows.common-controls_6595b64144ccf1df_6.0.22621.3672_none_2713b9d173822955\COMCTL32.dll
0x00007ff81cb10000 - 0x00007ff81cbaa000 	C:\WINDOWS\System32\msvcp_win.dll
0x00007ff81c1e0000 - 0x00007ff81c1ea000 	C:\WINDOWS\SYSTEM32\VERSION.dll
0x00007ff81e320000 - 0x00007ff81e351000 	C:\WINDOWS\System32\IMM32.DLL
0x0000000057a60000 - 0x0000000057a6c000 	C:\Program Files (x86)\360\Total Security\safemon\SafeWrapper.dll
0x00007fff86670000 - 0x00007fff8671c000 	C:\Program Files (x86)\360\Total Security\safemon\libzdtp64.dll
0x00007ff81d8f0000 - 0x00007ff81e157000 	C:\WINDOWS\System32\SHELL32.dll
0x00007ff81d000000 - 0x00007ff81d05e000 	C:\WINDOWS\System32\SHLWAPI.dll
0x00007ff814d60000 - 0x00007ff814d6c000 	C:\Program Files\Java\jdk-22\bin\vcruntime140_1.dll
0x00007fff865e0000 - 0x00007fff8666e000 	C:\Program Files\Java\jdk-22\bin\msvcp140.dll
0x00007fff78d20000 - 0x00007fff79a67000 	C:\Program Files\Java\jdk-22\bin\server\jvm.dll
0x00007ff81d7b0000 - 0x00007ff81d821000 	C:\WINDOWS\System32\WS2_32.dll
0x00007ff819f20000 - 0x00007ff819f54000 	C:\WINDOWS\SYSTEM32\WINMM.dll
0x00007ff81b8a0000 - 0x00007ff81b8ed000 	C:\WINDOWS\SYSTEM32\POWRPROF.dll
0x00007ff81b850000 - 0x00007ff81b863000 	C:\WINDOWS\SYSTEM32\UMPDC.dll
0x00007ff81b510000 - 0x00007ff81b528000 	C:\WINDOWS\SYSTEM32\kernel.appcore.dll
0x00007fffb2390000 - 0x00007fffb239a000 	C:\Program Files\Java\jdk-22\bin\jimage.dll
0x00007ff819c60000 - 0x00007ff819e92000 	C:\WINDOWS\SYSTEM32\DBGHELP.DLL
0x00007ff81d060000 - 0x00007ff81d3ed000 	C:\WINDOWS\System32\combase.dll
0x00007ff81f110000 - 0x00007ff81f1e7000 	C:\WINDOWS\System32\OLEAUT32.dll
0x00007ff819ee0000 - 0x00007ff819f12000 	C:\WINDOWS\SYSTEM32\dbgcore.DLL
0x00007ff81ca90000 - 0x00007ff81cb0b000 	C:\WINDOWS\System32\bcryptPrimitives.dll
0x00007fff8bb50000 - 0x00007fff8bb6e000 	C:\Program Files\Java\jdk-22\bin\java.dll
0x00007ff81ec30000 - 0x00007ff81edd5000 	C:\WINDOWS\System32\ole32.dll

dbghelp: loaded successfully - version: 4.0.5 - missing functions: none
symbol engine: initialized successfully - sym options: 0x614 - pdb path: .;C:\Program Files\Java\jdk-22\bin;C:\WINDOWS\SYSTEM32;C:\WINDOWS\WinSxS\amd64_microsoft.windows.common-controls_6595b64144ccf1df_6.0.22621.3672_none_2713b9d173822955;C:\Program Files (x86)\360\Total Security\safemon;C:\Program Files\Java\jdk-22\bin\server

VM Arguments:
jvm_args: -ea -Dfile.encoding=UTF-8 -Dstdout.encoding=UTF-8 -Dstderr.encoding=UTF-8 -XX:+ShowCodeDetailsInExceptionMessages 
java_command: org.eclipse.jdt.internal.junit.runner.RemoteTestRunner -version 3 -port 63446 -testLoaderClass org.eclipse.jdt.internal.junit4.runner.JUnit4TestLoader -loaderpluginname org.eclipse.jdt.junit4.runtime -classNames Main.FitPeoTest
java_class_path (initial): C:\Users\ankam\.p2\pool\plugins\org.junit_4.13.2.v20230809-1000.jar;C:\Users\ankam\.p2\pool\plugins\org.hamcrest_2.2.0.jar;C:\Users\ankam\.p2\pool\plugins\org.hamcrest.core_2.2.0.v20230809-1000.jar;C:\Users\ankam\eclipse-workspace\FitPoe Project\bin;C:\Users\ankam\Downloads\selenium-java-4.23.0\selenium-devtools-v85-4.23.0.jar;C:\Users\ankam\Downloads\selenium-java-4.23.0\selenium-edge-driver-4.23.0.jar;C:\Users\ankam\Downloads\selenium-java-4.23.0\selenium-edge-driver-4.23.0-sources.jar;C:\Users\ankam\Downloads\selenium-java-4.23.0\selenium-firefox-driver-4.23.0.jar;C:\Users\ankam\Downloads\selenium-java-4.23.0\selenium-firefox-driver-4.23.0-sources.jar;C:\Users\ankam\Downloads\selenium-java-4.23.0\selenium-http-4.23.0.jar;C:\Users\ankam\Downloads\selenium-java-4.23.0\selenium-http-4.23.0-sources.jar;C:\Users\ankam\Downloads\selenium-java-4.23.0\selenium-ie-driver-4.23.0.jar;C:\Users\ankam\Downloads\selenium-java-4.23.0\selenium-ie-driver-4.23.0-sources.jar;C:\Users\ankam\Downloads\selenium-java-4.23.0\selenium-java-4.23.0.jar;C:\Users\ankam\Downloads\selenium-java-4.23.0\selenium-java-4.23.0-sources.jar;C:\Users\ankam\Downloads\selenium-java-4.23.0\selenium-json-4.23.0.jar;C:\Users\ankam\Downloads\selenium-java-4.23.0\selenium-json-4.23.0-sources.jar;C:\Users\ankam\Downloads\selenium-java-4.23.0\selenium-manager-4.23.0.jar;C:\Users\ankam\Downloads\selenium-java-4.23.0\selenium-manager-4.23.0-sources.jar;C:\Users\ankam\Downloads\selenium-java-4.23.0\selenium-os-4.23.0.jar;C:\Users\ankam\Downloads\selenium-java-4.23.0\selenium-os-4.23.0-sources.jar;C:\Users\ankam\Downloads\selenium-java-4.23.0\selenium-remote-driver-4.23.0.jar;C:\Users\ankam\Downloads\selenium-java-4.23.0\selenium-remote-driver-4.23.0-sources.jar;C:\Users\ankam\Downloads\selenium-java-4.23.0\selenium-safari-driver-4.23.0.jar;C:\Users\ankam\Downloads\selenium-java-4.23.0\selenium-safari-driver-4.23.0-sources.jar;C:\Users\ankam\Downloads\selenium-java-4.23.0\selenium-support-4.23.0.jar;C:\Users\ankam\Downloads\selenium-java-4.23.0\selenium-support-4.23.0-sources.jar;C:\Users\ankam\Downloads\selenium-java-4.23.0\checker-qual-3.42.0.jar;C:\Users\ankam\Downloads\selenium-java-4.23.0\commons-exec-1.4.0.jar;C:\Users\ankam\Downloads\selenium-java-4.23.0\commons-exec-1.4.0-sources.jar;C:\Users\ankam\Downloads\selenium-java-4.23.0\error_prone_annotations-2.27.0.jar;C:\Users\ankam\Downloads\selenium-java-4.23.0\error_prone_annotations-2.27.0-sources.jar;C:\Users\ankam\Downloads\selenium-java-4.23.0\failsafe-3.3.2.jar;C:\Users\ankam\Downloads\selenium-java-4.23.0\failsafe-3.3.2-sources.jar;C:\Users\ankam\Downloads\selenium-java-4.23.0\failureaccess-1.0.2.jar;C:\Users\ankam\Downloads\selenium-java-4.23.0\failureaccess-1.0.2-sources.jar;C:\Users\ankam\Downloads\selenium-java-4.23.0\guava-33.2.1-jre.jar;C:\Users\ankam\Downloads\selenium-java-4.23.0\guava-33.2.1-jre-sources.jar;C:\Users\ankam\Downloads\selenium-java-4.23.0\j2objc-annotations-3.0.0.jar;C:\Users\ankam\Downloads\selenium-java-4.23.0\j2objc-annotations-3.0.0-sources.jar;C:\Users\ankam\Downloads\selenium-java-4.23.0\jsr305-3.0.2.jar;C:\Users\ankam\Downloads\selenium-java-4.23.0\jsr305-3.0.2-sources.jar;C:\Users\ankam\Downloads\selenium-java-4.23.0\listenablefuture-9999.0-empty-to-avoid-conflict-with-guava.jar;C:\Users\ankam\Downloads\selenium-java-4.23.0\opentelemetry-api-1.40.0.jar;C:\Users\ankam\Downloads\selenium-java-4.23.0\opentelemetry-api-1.40.0-sources.jar;C:\Users\ankam\Downloads\selenium-java-4.23.0\opentelemetry-api-incubator-1.40.0-alpha.jar;C:\Users\ankam\Downloads\selenium-java-4.23.0\opentelemetry-api-incubator-1.40.0-alpha-sources.jar;C:\Users\ankam\Downloads\selenium-java-4.23.0\opentelemetry-context-1.40.0.jar;C:\Users\ankam\Downloads\selenium-java-4.23.0\opentelemetry-context-1.40.0-sources.jar;C:\Users\ankam\Downloads\selenium-java-4.23.0\opentelemetry-exporter-logging-1.40.0.jar;C:\Users\ankam\Downloads\selenium-java-4.23.0\opentelemetry-exporter-logging-1.40.0-sources.jar;C:\Users\ankam\Downloads\selenium-java-4.23.0\opentelemetry-sdk-1.40.0.jar;C:\Users\ankam\Downloads\selenium-java-4.23.0\opentelemetry-sdk-1.40.0-sources.jar;C:\Users\ankam\Downloads\selenium-java-4.23.0\opentelemetry-sdk-common-1.40.0.jar;C:\Users\ankam\Downloads\selenium-java-4.23.0\opentelemetry-sdk-common-1.40.0-sources.jar;C:\Users\ankam\Downloads\selenium-java-4.23.0\opentelemetry-sdk-extension-autoconfigure-1.40.0.jar;C:\Users\ankam\Downloads\selenium-java-4.23.0\opentelemetry-sdk-extension-autoconfigure-1.40.0-sources.jar;C:\Users\ankam\Downloads\selenium-java-4.23.0\opentelemetry-sdk-extension-autoconfigure-spi-1.40.0.jar;C:\Users\ankam\Downloads\selenium-java-4.23.0\opentelemetry-sdk-extension-autoconfigure-spi-1.40.0-sources.jar;C:\Users\ankam\Downloads\selenium-java-4.23.0\opentelemetry-sdk-logs-1.40.0.jar;C:\Users\ankam\Downloads\selenium-java-4.23.0\opentelemetry-sdk-logs-1.40.0-sources.jar;C:\Users\ankam\Downloads\selenium-java-4.23.0\opentelemetry-sdk-metrics-1.40.0.jar;C:\Users\ankam\Downloads\selenium-java-4.23.0\opentelemetry-sdk-metrics-1.40.0-sources.jar;C:\Users\ankam\Downloads\selenium-java-4.23.0\opentelemetry-sdk-trace-1.40.0.jar;C:\Users\ankam\Downloads\selenium-java-4.23.0\opentelemetry-sdk-trace-1.40.0-sources.jar;C:\Users\ankam\Downloads\selenium-java-4.23.0\opentelemetry-semconv-1.25.0-alpha.jar;C:\Users\ankam\Downloads\selenium-java-4.23.0\opentelemetry-semconv-1.25.0-alpha-sources.jar;C:\Users\ankam\Downloads\selenium-java-4.23.0\selenium-api-4.23.0.jar;C:\Users\ankam\Downloads\selenium-java-4.23.0\selenium-api-4.23.0-sources.jar;C:\Users\ankam\Downloads\selenium-java-4.23.0\selenium-chrome-driver-4.23.0.jar;C:\Users\ankam\Downloads\selenium-java-4.23.0\selenium-chrome-driver-4.23.0-sources.jar;C:\Users\ankam\Downloads\selenium-java-4.23.0\selenium-chromium-driver-4.23.0.jar;C:\Users\ankam\Downloads\selenium-java-4.23.0\selenium-chromium-driver-4.23.0-sources.jar;C:\Users\ankam\Downloads\selenium-java-4.23.0\selenium-devtools-v85-4.23.0-sources.jar;C:\Users\ankam\Downloads\selenium-java-4.23.0\selenium-devtools-v125-4.23.0.jar;C:\Users\ankam\Downloads\selenium-java-4.23.0\selenium-devtools-v125-4.23.0-sources.jar;C:\Users\ankam\Downloads\selenium-java-4.23.0\selenium-devtools-v126-4.23.0.jar;C:\Users\ankam\Downloads\selenium-java-4.23.0\selenium-devtools-v126-4.23.0-sources.jar;C:\Users\ankam\Downloads\selenium-java-4.23.0\selenium-devtools-v127-4.23.0.jar;C:\Users\ankam\Downloads\selenium-java-4.23.0\selenium-devtools-v127-4.23.0-sources.jar;C:\Users\ankam\Downloads\selenium-java-4.23.0\auto-service-annotations-1.1.1.jar;C:\Users\ankam\Downloads\selenium-java-4.23.0\auto-service-annotations-1.1.1-sources.jar;C:\Users\ankam\Downloads\selenium-java-4.23.0\byte-buddy-1.14.18.jar;C:\Users\ankam\Downloads\selenium-java-4.23.0\byte-buddy-1.14.18-sources.jar;C:\Users\ankam\Downloads\selenium-java-4.23.0\checker-qual-3.42.0-sources.jar;C:\Users\ankam\eclipse\java-2024-06\eclipse\configuration\org.eclipse.osgi\249\0\.cp;C:\Users\ankam\eclipse\java-2024-06\eclipse\configuration\org.eclipse.osgi\248\0\.cp
Launcher Type: SUN_STANDARD

[Global flags]
     intx CICompilerCount                          = 4                                         {product} {ergonomic}
     uint ConcGCThreads                            = 2                                         {product} {ergonomic}
     uint G1ConcRefinementThreads                  = 8                                         {product} {ergonomic}
   size_t G1HeapRegionSize                         = 2097152                                   {product} {ergonomic}
   size_t InitialHeapSize                          = 264241152                                 {product} {ergonomic}
   size_t MarkStackSize                            = 4194304                                   {product} {ergonomic}
   size_t MaxHeapSize                              = 4227858432                                {product} {ergonomic}
   size_t MinHeapDeltaBytes                        = 2097152                                   {product} {ergonomic}
   size_t MinHeapSize                              = 8388608                                   {product} {ergonomic}
    uintx NonNMethodCodeHeapSize                   = 5839372                                {pd product} {ergonomic}
    uintx NonProfiledCodeHeapSize                  = 122909434                              {pd product} {ergonomic}
    uintx ProfiledCodeHeapSize                     = 122909434                              {pd product} {ergonomic}
    uintx ReservedCodeCacheSize                    = 251658240                              {pd product} {ergonomic}
     bool SegmentedCodeCache                       = true                                      {product} {ergonomic}
     bool ShowCodeDetailsInExceptionMessages       = true                                   {manageable} {command line}
   size_t SoftMaxHeapSize                          = 4227858432                             {manageable} {ergonomic}
     bool UseCompressedOops                        = true                           {product lp64_product} {ergonomic}
     bool UseG1GC                                  = true                                      {product} {ergonomic}
     bool UseLargePagesIndividualAllocation        = false                                  {pd product} {ergonomic}

Logging:
Log output configuration:
 #0: stdout all=warning uptime,level,tags foldmultilines=false
 #1: stderr all=off uptime,level,tags foldmultilines=false

Environment Variables:
PATH=C:\oracle\product\10.2.0\db_1\bin;C:\Program Files\Common Files\Oracle\Java\javapath;C:\Windows\system32;C:\Windows;C:\Windows\System32\Wbem;C:\Windows\System32\WindowsPowerShell\v1.0\;C:\Windows\System32\OpenSSH\;C:\Program Files\NVIDIA Corporation\NVIDIA NvDLISR;C:\Program Files\dotnet\;C:\Program Files (x86)\NVIDIA Corporation\PhysX\Common;C:\WINDOWS\system32;C:\WINDOWS;C:\WINDOWS\System32\Wbem;C:\WINDOWS\System32\WindowsPowerShell\v1.0\;C:\WINDOWS\System32\OpenSSH\;C:\Users\ankam\AppData\Local\Programs\Python\Python37\Scripts\;C:\Users\ankam\AppData\Local\Programs\Python\Python37\;C:\Users\ankam\AppData\Local\Programs\Python\Python36\Scripts\;C:\Users\ankam\AppData\Local\Programs\Python\Python36\;C:\Users\ankam\AppData\Local\Microsoft\WindowsApps;C:\Users\ankam\AppData\Local\Programs\Microsoft VS Code\bin
USERNAME=ankam
OS=Windows_NT
PROCESSOR_IDENTIFIER=Intel64 Family 6 Model 140 Stepping 2, GenuineIntel
TMP=C:\Users\ankam\AppData\Local\Temp
TEMP=C:\Users\ankam\AppData\Local\Temp




Periodic native trim disabled

---------------  S Y S T E M  ---------------

OS:
 Windows 11 , 64 bit Build 22621 (10.0.22621.3958)
OS uptime: 0 days 2:50 hours
Hyper-V role detected

CPU: total 8 (initial active 8) (4 cores per cpu, 2 threads per core) family 6 model 140 stepping 2 microcode 0x34, cx8, cmov, fxsr, ht, mmx, 3dnowpref, sse, sse2, sse3, ssse3, sse4.1, sse4.2, popcnt, lzcnt, tsc, tscinvbit, avx, avx2, aes, erms, clmul, bmi1, bmi2, adx, avx512f, avx512dq, avx512cd, avx512bw, avx512vl, sha, fma, vzeroupper, avx512_vpopcntdq, avx512_vpclmulqdq, avx512_vaes, avx512_vnni, clflush, clflushopt, clwb, avx512_vbmi2, avx512_vbmi, hv, rdtscp, rdpid, fsrm, gfni, avx512_bitalg, f16c, cet_ibt, cet_ss, avx512_ifma
Processor Information for all 8 processors :
  Max Mhz: 2496, Current Mhz: 2496, Mhz Limit: 2496

Memory: 4k page, system-wide physical 16122M (470M free)
TotalPageFile size 20732M (AvailPageFile size 103M)
current process WorkingSet (physical memory assigned to process): 13M, peak: 13M
current process commit charge ("private bytes"): 61M, peak: 313M

vm_info: Java HotSpot(TM) 64-Bit Server VM (22.0.1+8-16) for windows-amd64 JRE (22.0.1+8-16), built on 2024-03-12T10:33:16Z by "mach5one" with MS VC++ 17.6 (VS2022)

END.
